<?xml version="1.0" encoding="UTF-8"?>
<testng-results ignored="0" total="1" passed="1" failed="0" skipped="0">
  <reporter-output>
  </reporter-output>
  <suite started-at="2026-06-11T16:55:25 IST" name="Suite" finished-at="2026-06-11T16:55:35 IST" duration-ms="10273">
    <groups>
    </groups>
    <test started-at="2026-06-11T16:55:25 IST" name="GUI Tests" finished-at="2026-06-11T16:55:35 IST" duration-ms="10273">
      <class name="tests.GUIElementsTest">
        <test-method is-config="true" signature="setupReport()[pri:0, instance:tests.GUIElementsTest@4d9e68d0]" started-at="2026-06-11T16:55:25 IST" name="setupReport" finished-at="2026-06-11T16:55:25 IST" duration-ms="127" status="PASS">
          <reporter-output>
          </reporter-output>
        </test-method> <!-- setupReport -->
        <test-method is-config="true" signature="setup()[pri:0, instance:tests.GUIElementsTest@4d9e68d0]" started-at="2026-06-11T16:55:25 IST" name="setup" finished-at="2026-06-11T16:55:31 IST" duration-ms="5746" status="PASS">
          <reporter-output>
          </reporter-output>
        </test-method> <!-- setup -->
        <test-method signature="automateGUIElements()[pri:0, instance:tests.GUIElementsTest@4d9e68d0]" started-at="2026-06-11T16:55:31 IST" name="automateGUIElements" finished-at="2026-06-11T16:55:35 IST" duration-ms="4368" status="PASS">
          <reporter-output>
          </reporter-output>
        </test-method> <!-- automateGUIElements -->
        <test-method is-config="true" signature="tearDown()[pri:0, instance:tests.GUIElementsTest@4d9e68d0]" started-at="2026-06-11T16:55:35 IST" name="tearDown" finished-at="2026-06-11T16:55:35 IST" duration-ms="136" status="PASS">
          <reporter-output>
          </reporter-output>
        </test-method> <!-- tearDown -->
        <test-method is-config="true" signature="flushReport()[pri:0, instance:tests.GUIElementsTest@4d9e68d0]" started-at="2026-06-11T16:55:35 IST" name="flushReport" finished-at="2026-06-11T16:55:35 IST" duration-ms="153" status="PASS">
          <reporter-output>
          </reporter-output>
        </test-method> <!-- flushReport -->
      </class> <!-- tests.GUIElementsTest -->
    </test> <!-- GUI Tests -->
  </suite> <!-- Suite -->
</testng-results>
