<?xml version="1.0" encoding="UTF-8"?>
<testng-results ignored="0" total="1" passed="1" failed="0" skipped="0">
  <reporter-output>
  </reporter-output>
  <suite started-at="2026-06-11T10:37:42 IST" name="Suite" finished-at="2026-06-11T10:37:56 IST" duration-ms="13957">
    <groups>
    </groups>
    <test started-at="2026-06-11T10:37:42 IST" name="Test" finished-at="2026-06-11T10:37:56 IST" duration-ms="13957">
      <class name="tests.GUIElementsTest">
        <test-method is-config="true" signature="setup()[pri:0, instance:tests.GUIElementsTest@6193932a]" started-at="2026-06-11T10:37:42 IST" name="setup" finished-at="2026-06-11T10:37:51 IST" duration-ms="9045" status="PASS">
          <reporter-output>
          </reporter-output>
        </test-method> <!-- setup -->
        <test-method signature="automateGUIElements()[pri:0, instance:tests.GUIElementsTest@6193932a]" started-at="2026-06-11T10:37:51 IST" name="automateGUIElements" finished-at="2026-06-11T10:37:56 IST" duration-ms="4741" status="PASS">
          <reporter-output>
          </reporter-output>
        </test-method> <!-- automateGUIElements -->
        <test-method is-config="true" signature="tearDown()[pri:0, instance:tests.GUIElementsTest@6193932a]" started-at="2026-06-11T10:37:56 IST" name="tearDown" finished-at="2026-06-11T10:37:56 IST" duration-ms="139" status="PASS">
          <reporter-output>
          </reporter-output>
        </test-method> <!-- tearDown -->
      </class> <!-- tests.GUIElementsTest -->
    </test> <!-- Test -->
  </suite> <!-- Suite -->
</testng-results>
